
> blockvote-backend@1.0.0 start
> node src/index.js

Server error: Error: listen EADDRINUSE: address already in use :::6001
    at Server.setupListenHandle [as _listen2] (node:net:1940:16)
    at listenInCluster (node:net:1997:12)
    at Server.listen (node:net:2102:7)
    at Function.listen (/Users/sowmyag/Desktop/BlockVoteProject 2/backend/node_modules/express/lib/application.js:635:24)
    at Object.<anonymous> (/Users/sowmyag/Desktop/BlockVoteProject 2/backend/src/index.js:561:20)
    at Module._compile (node:internal/modules/cjs/loader:1706:14)
    at Object..js (node:internal/modules/cjs/loader:1839:10)
    at Module.load (node:internal/modules/cjs/loader:1441:32)
    at Function._load (node:internal/modules/cjs/loader:1263:12)
    at TracingChannel.traceSync (node:diagnostics_channel:328:14) {
  code: 'EADDRINUSE',
  errno: -48,
  syscall: 'listen',
  address: '::',
  port: 6001
}
✅ Connected to MongoDB
Initializing blockchain connection...
✅ Connected to blockchain contract at: 0x4065609Bc98dd9184dFFB79d8DAfF7e8F393eC4C
⚠️  Note: Blockchain is only used for voting, not election creation
Creating initial users...
Initial users created.
